<?xml version="1.0" encoding="UTF-8"?>
<!-- Generated by org.testng.reporters.JUnitXMLReporter -->
<testsuite hostname="LAPTOP-QCINE28I" ignored="2" name="TestGroupings" tests="2" failures="0" timestamp="24 Sep 2017 18:48:39 GMT" time="0.129" errors="0">
  <testcase name="hondaTest" time="0.015" classname="com.orange.login_page.GroupDemoMVN"/>
  <testcase name="mitsubishiTest" time="0.004" classname="com.orange.login_page.GroupDemoMVN"/>
  <testcase name="yamahaTest" time="0.0" classname="com.orange.login_page.GroupDemoMVN">
    <ignored/>
  </testcase> <!-- yamahaTest -->
  <testcase name="harleyTest" time="0.0" classname="com.orange.login_page.GroupDemoMVN">
    <ignored/>
  </testcase> <!-- harleyTest -->
</testsuite> <!-- TestGroupings -->
