<?xml version="1.0" encoding="UTF-8"?>
<testng-results skipped="0" failed="0" ignored="0" total="1" passed="1">
  <reporter-output>
  </reporter-output>
  <suite name="Sanity Suite" duration-ms="37123" started-at="2017-09-24T19:28:55Z" finished-at="2017-09-24T19:29:32Z">
    <groups>
    </groups>
    <test name="Sanity Test" duration-ms="37123" started-at="2017-09-24T19:28:55Z" finished-at="2017-09-24T19:29:32Z">
      <class name="com.orange.login_page.CredentialsMVN">
        <test-method status="PASS" signature="openBrowser()[pri:0, instance:com.orange.login_page.CredentialsMVN@77b52d12]" name="openBrowser" is-config="true" duration-ms="25175" started-at="2017-09-24T14:28:55Z" finished-at="2017-09-24T14:29:20Z">
          <reporter-output>
          </reporter-output>
        </test-method> <!-- openBrowser -->
        <test-method status="PASS" signature="LoginTest()[pri:0, instance:com.orange.login_page.CredentialsMVN@77b52d12]" name="LoginTest" duration-ms="10829" started-at="2017-09-24T14:29:20Z" finished-at="2017-09-24T14:29:31Z">
          <reporter-output>
          </reporter-output>
        </test-method> <!-- LoginTest -->
        <test-method status="PASS" signature="tearDown()[pri:0, instance:com.orange.login_page.CredentialsMVN@77b52d12]" name="tearDown" is-config="true" duration-ms="1073" started-at="2017-09-24T14:29:31Z" finished-at="2017-09-24T14:29:32Z">
          <reporter-output>
          </reporter-output>
        </test-method> <!-- tearDown -->
      </class> <!-- com.orange.login_page.CredentialsMVN -->
    </test> <!-- Sanity Test -->
  </suite> <!-- Sanity Suite -->
</testng-results>
