<?xml version="1.0" encoding="UTF-8"?>
<testng-results skipped="0" failed="0" ignored="0" total="1" passed="1">
  <reporter-output>
  </reporter-output>
  <suite name="Default suite" duration-ms="5593" started-at="2017-11-08T21:17:49Z" finished-at="2017-11-08T21:17:54Z">
    <groups>
    </groups>
    <test name="Default test" duration-ms="5593" started-at="2017-11-08T21:17:49Z" finished-at="2017-11-08T21:17:54Z">
      <class name="refresher.webservices.RestfulAPI.JSONPathCalc">
        <test-method status="PASS" signature="test01()[pri:0, instance:refresher.webservices.RestfulAPI.JSONPathCalc@29774679]" name="test01" duration-ms="5545" started-at="2017-11-08T15:17:49Z" finished-at="2017-11-08T15:17:54Z">
          <reporter-output>
          </reporter-output>
        </test-method> <!-- test01 -->
      </class> <!-- refresher.webservices.RestfulAPI.JSONPathCalc -->
    </test> <!-- Default test -->
  </suite> <!-- Default suite -->
</testng-results>
