<?xml version="1.0" encoding="UTF-8"?>
<testng-results skipped="0" failed="0" ignored="0" total="1" passed="1">
  <reporter-output>
  </reporter-output>
  <suite name="Default suite" duration-ms="1634" started-at="2017-09-28T23:45:48Z" finished-at="2017-09-28T23:45:49Z">
    <groups>
    </groups>
    <test name="Default test" duration-ms="1634" started-at="2017-09-28T23:45:48Z" finished-at="2017-09-28T23:45:49Z">
      <class name="excelGroupID.artifact.WriteExcel">
        <test-method status="PASS" signature="openExcel()[pri:0, instance:excelGroupID.artifact.WriteExcel@f6c48ac]" name="openExcel" is-config="true" duration-ms="1568" started-at="2017-09-28T18:45:48Z" finished-at="2017-09-28T18:45:49Z">
          <reporter-output>
          </reporter-output>
        </test-method> <!-- openExcel -->
        <test-method status="PASS" signature="writingExcel()[pri:0, instance:excelGroupID.artifact.WriteExcel@f6c48ac]" name="writingExcel" duration-ms="0" started-at="2017-09-28T18:45:49Z" finished-at="2017-09-28T18:45:49Z">
          <reporter-output>
          </reporter-output>
        </test-method> <!-- writingExcel -->
        <test-method status="PASS" signature="tearDown()[pri:0, instance:excelGroupID.artifact.WriteExcel@f6c48ac]" name="tearDown" is-config="true" duration-ms="0" started-at="2017-09-28T18:45:49Z" finished-at="2017-09-28T18:45:49Z">
          <reporter-output>
          </reporter-output>
        </test-method> <!-- tearDown -->
      </class> <!-- excelGroupID.artifact.WriteExcel -->
    </test> <!-- Default test -->
  </suite> <!-- Default suite -->
</testng-results>
