<?xml version="1.0" encoding="UTF-8"?>
<testng-results skipped="0" failed="0" ignored="0" total="1" passed="1">
  <reporter-output>
  </reporter-output>
  <suite name="Suite" duration-ms="82" started-at="2017-10-15T19:00:19Z" finished-at="2017-10-15T19:00:19Z">
    <groups>
    </groups>
    <test name="Test" duration-ms="82" started-at="2017-10-15T19:00:19Z" finished-at="2017-10-15T19:00:19Z">
      <class name="testPackageDemo.TestDemo">
        <test-method status="PASS" signature="testStDemo()[pri:0, instance:testPackageDemo.TestDemo@7921b0a2]" name="testStDemo" duration-ms="16" started-at="2017-10-15T14:00:19Z" finished-at="2017-10-15T14:00:19Z">
          <reporter-output>
          </reporter-output>
        </test-method> <!-- testStDemo -->
      </class> <!-- testPackageDemo.TestDemo -->
    </test> <!-- Test -->
  </suite> <!-- Suite -->
</testng-results>
