<?xml version="1.0" encoding="UTF-8"?>
<testng-results skipped="0" failed="0" ignored="0" total="1" passed="1">
  <reporter-output>
  </reporter-output>
  <suite name="Suite" duration-ms="97" started-at="2017-10-14T19:06:18Z" finished-at="2017-10-14T19:06:18Z">
    <groups>
    </groups>
    <test name="Test" duration-ms="97" started-at="2017-10-14T19:06:18Z" finished-at="2017-10-14T19:06:18Z">
      <class name="refresher.com.refresherMaven.DemoTestNGmaven">
        <test-method status="PASS" signature="test1()[pri:0, instance:refresher.com.refresherMaven.DemoTestNGmaven@224edc67]" name="test1" duration-ms="38" started-at="2017-10-14T14:06:18Z" finished-at="2017-10-14T14:06:18Z">
          <reporter-output>
          </reporter-output>
        </test-method> <!-- test1 -->
      </class> <!-- refresher.com.refresherMaven.DemoTestNGmaven -->
    </test> <!-- Test -->
  </suite> <!-- Suite -->
</testng-results>
