<?xml version="1.0" encoding="UTF-8"?>
<!-- Generated by org.testng.reporters.JUnitXMLReporter -->
<testsuite hostname="LAPTOP-QCINE28I" ignored="2" name="TestGroupings" tests="2" failures="0" timestamp="19 Sep 2017 22:45:13 GMT" time="0.073" errors="0">
  <testcase name="hondaTest" time="0.01" classname="testGroupings.GroupDemo"/>
  <testcase name="mitsubishiTest" time="0.0" classname="testGroupings.GroupDemo"/>
  <testcase name="yamahaTest" time="0.0" classname="testGroupings.GroupDemo">
    <ignored/>
  </testcase> <!-- yamahaTest -->
  <testcase name="harleyTest" time="0.0" classname="testGroupings.GroupDemo">
    <ignored/>
  </testcase> <!-- harleyTest -->
</testsuite> <!-- TestGroupings -->
