<?xml version="1.0" encoding="UTF-8"?>
<!-- Generated by org.testng.reporters.JUnitXMLReporter -->
<testsuite hostname="LAPTOP-QCINE28I" ignored="0" name="TestCaseFirefox" tests="1" failures="1" timestamp="14 Oct 2017 05:17:46 GMT" time="31.431" errors="0">
  <testcase name="openBrowser" time="31.333" classname="testNGscripts.ParametersDemo">
    <failure type="org.openqa.selenium.WebDriverException" message="connection reset
Build info: version: &amp;apos;unknown&amp;apos;, revision: &amp;apos;unknown&amp;apos;, time: &amp;apos;unknown&amp;apos;
System info: host: &amp;apos;LAPTOP-QCINE28I&amp;apos;, ip: &amp;apos;192.168.1.72&amp;apos;, os.name: &amp;apos;Windows 10&amp;apos;, os.arch: &amp;apos;amd64&amp;apos;, os.version: &amp;apos;10.0&amp;apos;, java.version: &amp;apos;1.8.0_144&amp;apos;
Driver info: driver.version: FirefoxDriver
remote stacktrace: stack backtrace:
   0:           0x4bb74f - &amp;lt;no info&amp;gt;
   1:           0x4bbea9 - &amp;lt;no info&amp;gt;
   2:           0x4b495e - &amp;lt;no info&amp;gt;
   3:           0x4b5ce0 - &amp;lt;no info&amp;gt;
   4:           0x443a1c - &amp;lt;no info&amp;gt;
   5:           0x447acf - &amp;lt;no info&amp;gt;
   6:           0x4203e1 - &amp;lt;no info&amp;gt;
   7:           0x407dc7 - &amp;lt;no info&amp;gt;
   8:           0x6d95b9 - &amp;lt;no info&amp;gt;
   9:           0x4173a7 - &amp;lt;no info&amp;gt;
  10:           0x6d38b3 - &amp;lt;no info&amp;gt;
  11:     0x7ff9bd4a2774 - BaseThreadInitThunk">
      <![CDATA[org.openqa.selenium.WebDriverException: connection reset
Build info: version: 'unknown', revision: 'unknown', time: 'unknown'
System info: host: 'LAPTOP-QCINE28I', ip: '192.168.1.72', os.name: 'Windows 10', os.arch: 'amd64', os.version: '10.0', java.version: '1.8.0_144'
Driver info: driver.version: FirefoxDriver
remote stacktrace: stack backtrace:
   0:           0x4bb74f - <no info>
   1:           0x4bbea9 - <no info>
   2:           0x4b495e - <no info>
   3:           0x4b5ce0 - <no info>
   4:           0x443a1c - <no info>
   5:           0x447acf - <no info>
   6:           0x4203e1 - <no info>
   7:           0x407dc7 - <no info>
   8:           0x6d95b9 - <no info>
   9:           0x4173a7 - <no info>
  10:           0x6d38b3 - <no info>
  11:     0x7ff9bd4a2774 - BaseThreadInitThunk
	at org.openqa.selenium.remote.W3CHandshakeResponse.lambda$new$0(W3CHandshakeResponse.java:57)
	at org.openqa.selenium.remote.W3CHandshakeResponse.lambda$getResponseFunction$2(W3CHandshakeResponse.java:104)
	at org.openqa.selenium.remote.ProtocolHandshake.lambda$createSession$24(ProtocolHandshake.java:359)
	at java.util.stream.ReferencePipeline$3$1.accept(ReferencePipeline.java:193)
	at java.util.Spliterators$ArraySpliterator.tryAdvance(Spliterators.java:958)
	at java.util.stream.ReferencePipeline.forEachWithCancel(ReferencePipeline.java:126)
	at java.util.stream.AbstractPipeline.copyIntoWithCancel(AbstractPipeline.java:498)
	at java.util.stream.AbstractPipeline.copyInto(AbstractPipeline.java:485)
	at java.util.stream.AbstractPipeline.wrapAndCopyInto(AbstractPipeline.java:471)
	at java.util.stream.FindOps$FindOp.evaluateSequential(FindOps.java:152)
	at java.util.stream.AbstractPipeline.evaluate(AbstractPipeline.java:234)
	at java.util.stream.ReferencePipeline.findFirst(ReferencePipeline.java:464)
	at org.openqa.selenium.remote.ProtocolHandshake.createSession(ProtocolHandshake.java:362)
	at org.openqa.selenium.remote.ProtocolHandshake.createSession(ProtocolHandshake.java:136)
	at org.openqa.selenium.remote.HttpCommandExecutor.execute(HttpCommandExecutor.java:142)
	at org.openqa.selenium.remote.service.DriverCommandExecutor.execute(DriverCommandExecutor.java:82)
	at org.openqa.selenium.remote.RemoteWebDriver.execute(RemoteWebDriver.java:641)
	at org.openqa.selenium.remote.RemoteWebDriver.startSession(RemoteWebDriver.java:254)
	at org.openqa.selenium.remote.RemoteWebDriver.startSession(RemoteWebDriver.java:236)
	at org.openqa.selenium.remote.RemoteWebDriver.<init>(RemoteWebDriver.java:137)
	at org.openqa.selenium.firefox.FirefoxDriver.<init>(FirefoxDriver.java:191)
	at org.openqa.selenium.firefox.FirefoxDriver.<init>(FirefoxDriver.java:103)
	at org.openqa.selenium.firefox.FirefoxDriver.<init>(FirefoxDriver.java:99)
	at testNGscripts.ParametersDemo.openBrowser(ParametersDemo.java:30)
	at java.util.concurrent.FutureTask.run(FutureTask.java:266)
	at java.util.concurrent.ThreadPoolExecutor.runWorker(ThreadPoolExecutor.java:1149)
	at java.util.concurrent.ThreadPoolExecutor$Worker.run(ThreadPoolExecutor.java:624)
	at java.lang.Thread.run(Thread.java:748)
... Removed 20 stack frames]]>
    </failure>
  </testcase> <!-- openBrowser -->
</testsuite> <!-- TestCaseFirefox -->
